#
# There is insufficient memory for the Java Runtime Environment to continue.
# Native memory allocation (malloc) failed to allocate 1048576 bytes for AllocateHeap
# Possible reasons:
#   The system is out of physical RAM or swap space
#   In 32 bit mode, the process size limit was hit
# Possible solutions:
#   Reduce memory load on the system
#   Increase physical memory or swap space
#   Check if swap backing store is full
#   Use 64 bit Java on a 64 bit OS
#   Decrease Java heap size (-Xmx/-Xms)
#   Decrease number of Java threads
#   Decrease Java thread stack sizes (-Xss)
#   Set larger code cache with -XX:ReservedCodeCacheSize=
# This output file may be truncated or incomplete.
#
#  Out of Memory Error (memory/allocation.inline.hpp:61), pid=4048, tid=0x00000000000007c0
#
# JRE version:  (8.0_144-b01) (build )
# Java VM: Java HotSpot(TM) 64-Bit Server VM (25.144-b01 mixed mode windows-amd64 compressed oops)
# Failed to write core dump. Minidumps are not enabled by default on client versions of Windows
#

---------------  T H R E A D  ---------------

Current thread (0x0000000002600800):  JavaThread "Unknown thread" [_thread_in_vm, id=1984, stack(0x00000000024c0000,0x00000000025c0000)]

Stack: [0x00000000024c0000,0x00000000025c0000]
[error occurred during error reporting (printing stack bounds), id 0xc0000005]

Native frames: (J=compiled Java code, j=interpreted, Vv=VM code, C=native code)


---------------  P R O C E S S  ---------------

Java Threads: ( => current thread )

Other Threads:

=>0x0000000002600800 (exited) JavaThread "Unknown thread" [_thread_in_vm, id=1984, stack(0x00000000024c0000,0x00000000025c0000)]

VM state:not at safepoint (normal execution)

VM Mutex/Monitor currently owned by a thread: None

Heap:
 PSYoungGen      total 18944K, used 327K [0x00000000eae00000, 0x00000000ec300000, 0x0000000100000000)
  eden space 16384K, 2% used [0x00000000eae00000,0x00000000eae51ec8,0x00000000ebe00000)
  from space 2560K, 0% used [0x00000000ec080000,0x00000000ec080000,0x00000000ec300000)
  to   space 2560K, 0% used [0x00000000ebe00000,0x00000000ebe00000,0x00000000ec080000)
 ParOldGen       total 44032K, used 0K [0x00000000c0a00000, 0x00000000c3500000, 0x00000000eae00000)
  object space 44032K, 0% used [0x00000000c0a00000,0x00000000c0a00000,0x00000000c3500000)
 Metaspace       used 746K, capacity 4480K, committed 4480K, reserved 1056768K
  class space    used 75K, capacity 384K, committed 384K, reserved 1048576K

Card table byte_map: [0x0000000011bb0000,0x0000000011db0000] byte_map_base: 0x00000000115ab000

Marking Bits: (ParMarkBitMap*) 0x0000000069e9d850
 Begin Bits: [0x0000000012310000, 0x00000000132e8000)
 End Bits:   [0x00000000132e8000, 0x00000000142c0000)

Polling page: 0x0000000000a70000

CodeCache: size=245760Kb used=328Kb max_used=328Kb free=245431Kb
 bounds [0x00000000027f0000, 0x0000000002a60000, 0x00000000117f0000]
 total_blobs=58 nmethods=0 adapters=38
 compilation: enabled

Compilation events (0 events):
No events

GC Heap History (0 events):
No events

Deoptimization events (0 events):
No events

Internal exceptions (0 events):
No events

Events (10 events):
Event: 0.028 loading class java/lang/Short
Event: 0.028 loading class java/lang/Short done
Event: 0.028 loading class java/lang/Integer
Event: 0.028 loading class java/lang/Integer done
Event: 0.028 loading class java/lang/Long
Event: 0.028 loading class java/lang/Long done
Event: 0.029 loading class java/lang/NullPointerException
Event: 0.029 loading class java/lang/NullPointerException done
Event: 0.029 loading class java/lang/ArithmeticException
Event: 0.029 loading class java/lang/ArithmeticException done


Dynamic libraries:
0x00007ff66b890000 - 0x00007ff66b8c7000 	C:\Program Files\Java\jre1.8.0_144\bin\javaw.exe
0x00007fffcfc40000 - 0x00007fffcfdec000 	C:\Windows\SYSTEM32\ntdll.dll
0x00007fffcfb00000 - 0x00007fffcfc3e000 	C:\Windows\system32\KERNEL32.DLL
0x00007fffcd150000 - 0x00007fffcd265000 	C:\Windows\system32\KERNELBASE.dll
0x00007fffcb7d0000 - 0x00007fffcb85e000 	C:\Windows\system32\apphelp.dll
0x00007fffc4750000 - 0x00007fffc47a3000 	C:\Windows\AppPatch\AppPatch64\AcGenral.DLL
0x00007fffcd9a0000 - 0x00007fffcda4a000 	C:\Windows\system32\msvcrt.dll
0x00007fffccad0000 - 0x00007fffccafe000 	C:\Windows\SYSTEM32\SspiCli.dll
0x00007fffcd470000 - 0x00007fffcd4c4000 	C:\Windows\system32\SHLWAPI.dll
0x00007fffcdba0000 - 0x00007fffcdd17000 	C:\Windows\system32\USER32.dll
0x00007fffcf6c0000 - 0x00007fffcf854000 	C:\Windows\system32\ole32.dll
0x00007fffcdd40000 - 0x00007fffcf258000 	C:\Windows\system32\SHELL32.dll
0x00007fffcc250000 - 0x00007fffcc271000 	C:\Windows\SYSTEM32\USERENV.dll
0x00007fffcfa50000 - 0x00007fffcfafa000 	C:\Windows\system32\ADVAPI32.dll
0x00007fffc4a20000 - 0x00007fffc4a3e000 	C:\Windows\SYSTEM32\MPR.dll
0x00007fffcda50000 - 0x00007fffcdb91000 	C:\Windows\system32\RPCRT4.dll
0x00007fffcd530000 - 0x00007fffcd589000 	C:\Windows\SYSTEM32\sechost.dll
0x00007fffcf260000 - 0x00007fffcf471000 	C:\Windows\SYSTEM32\combase.dll
0x00007fffcf480000 - 0x00007fffcf5d1000 	C:\Windows\system32\GDI32.dll
0x00007fffccd90000 - 0x00007fffccda5000 	C:\Windows\SYSTEM32\profapi.dll
0x00007fffc9a90000 - 0x00007fffc9b42000 	C:\Windows\SYSTEM32\SHCORE.dll
0x00007fffcd900000 - 0x00007fffcd936000 	C:\Windows\system32\IMM32.DLL
0x00007fffcf8f0000 - 0x00007fffcfa42000 	C:\Windows\system32\MSCTF.dll
0x00007fffccc20000 - 0x00007fffccd80000 	c:\progra~1\agnitum\outpos~1\wl_hoo~1.dll
0x00007fffc9140000 - 0x00007fffc93bb000 	C:\Windows\WinSxS\amd64_microsoft.windows.common-controls_6595b64144ccf1df_6.0.9600.17415_none_6240486fecbd8abb\COMCTL32.dll
0x0000000069420000 - 0x00000000694f2000 	C:\Program Files\Java\jre1.8.0_144\bin\msvcr100.dll
0x0000000069680000 - 0x0000000069f1d000 	C:\Program Files\Java\jre1.8.0_144\bin\server\jvm.dll
0x00007fffca120000 - 0x00007fffca129000 	C:\Windows\SYSTEM32\WSOCK32.dll
0x00007fffc9b90000 - 0x00007fffc9bb2000 	C:\Windows\SYSTEM32\WINMM.dll
0x00007fffc9b80000 - 0x00007fffc9b8a000 	C:\Windows\SYSTEM32\VERSION.dll
0x00007fffcd710000 - 0x00007fffcd717000 	C:\Windows\system32\PSAPI.DLL
0x00007fffcd4d0000 - 0x00007fffcd52a000 	C:\Windows\system32\WS2_32.dll
0x00007fffc9b50000 - 0x00007fffc9b7a000 	C:\Windows\SYSTEM32\WINMMBASE.dll
0x00007fffcf860000 - 0x00007fffcf869000 	C:\Windows\system32\NSI.dll
0x00007fffcd270000 - 0x00007fffcd2bf000 	C:\Windows\SYSTEM32\cfgmgr32.dll
0x00007fffcba20000 - 0x00007fffcba48000 	C:\Windows\SYSTEM32\DEVOBJ.dll
0x0000000069590000 - 0x000000006959f000 	C:\Program Files\Java\jre1.8.0_144\bin\verify.dll
0x0000000069560000 - 0x0000000069589000 	C:\Program Files\Java\jre1.8.0_144\bin\java.dll
0x0000000069540000 - 0x0000000069556000 	C:\Program Files\Java\jre1.8.0_144\bin\zip.dll

VM Arguments:
jvm_args: -Dfile.encoding=Cp1251 
java_command: com.midfag.calc.Main
java_class_path (initial): C:\Users\user\workspace\Test\bin
Launcher Type: SUN_STANDARD

Environment Variables:
JAVA_HOME=C:\Program Files\Java\jdk1.8.0_101
PATH=C:/Program Files/Java/jre1.8.0_144/bin/server;C:/Program Files/Java/jre1.8.0_144/bin;C:/Program Files/Java/jre1.8.0_144/lib/amd64;C:\ProgramData\Oracle\Java\javapath;%Android_SDK_HOME%/tools;C:\Program Files (x86)\Common Files\Intel\Shared Files\cpp\bin\Intel64;C:\Program Files\ImageMagick-6.9.2-Q16;C:\Program Files\Common Files\Intel\Shared Libraries\redist\intel64\compiler;C:\Program Files (x86)\Java\bin;C:\Windows\system32;C:\Windows;C:\Windows\System32\Wbem;C:\Windows\System32\WindowsPowerShell\v1.0\;C:\Program Files (x86)\QuickTime\QTSystem\;C:\Program Files\Git\cmd;C:\Program Files (x86)\Skype\Phone\;C:\Program Files (x86)\NVIDIA Corporation\PhysX\Common;C:\adt-bundle-windows-x86_64-20140702\eclipse;
USERNAME=user
OS=Windows_NT
PROCESSOR_IDENTIFIER=Intel64 Family 6 Model 42 Stepping 7, GenuineIntel



---------------  S Y S T E M  ---------------

OS: Windows 8.1 , 64 bit Build 9600 (6.3.9600.17415)

CPU:total 4 (initial active 4) (4 cores per cpu, 1 threads per core) family 6 model 42 stepping 7, cmov, cx8, fxsr, mmx, sse, sse2, sse3, ssse3, sse4.1, sse4.2, popcnt, avx, aes, clmul, tsc, tscinvbit

Memory: 4k page, physical 4148768k(1251920k free), swap 8244772k(4792k free)

vm_info: Java HotSpot(TM) 64-Bit Server VM (25.144-b01) for windows-amd64 JRE (1.8.0_144-b01), built on Jul 21 2017 21:57:33 by "java_re" with MS VC++ 10.0 (VS2010)

time: Thu Aug 24 16:06:53 2017
elapsed time: 0 seconds (0d 0h 0m 0s)

